<?xml version="1.0" encoding="UTF-8"?>
<testng-results skipped="0" failed="0" ignored="0" total="1" passed="1">
  <reporter-output>
  </reporter-output>
  <suite name="Default suite" duration-ms="18724" started-at="2018-12-29T18:38:40Z" finished-at="2018-12-29T18:38:59Z">
    <groups>
    </groups>
    <test name="Default test" duration-ms="18724" started-at="2018-12-29T18:38:40Z" finished-at="2018-12-29T18:38:59Z">
      <class name="com.demaout.newtorus.TestScripts.BookTicketTest">
        <test-method status="PASS" signature="openBrowser()[pri:0, instance:com.demaout.newtorus.TestScripts.BookTicketTest@5419f379]" name="openBrowser" is-config="true" duration-ms="9639" started-at="2018-12-29T18:38:40Z" finished-at="2018-12-29T18:38:50Z">
          <reporter-output>
          </reporter-output>
        </test-method> <!-- openBrowser -->
        <test-method status="PASS" signature="ticketBookingTest()[pri:0, instance:com.demaout.newtorus.TestScripts.BookTicketTest@5419f379]" name="ticketBookingTest" duration-ms="8880" started-at="2018-12-29T18:38:50Z" finished-at="2018-12-29T18:38:59Z">
          <reporter-output>
          </reporter-output>
        </test-method> <!-- ticketBookingTest -->
        <test-method status="PASS" signature="closeBrowser()[pri:0, instance:com.demaout.newtorus.TestScripts.BookTicketTest@5419f379]" name="closeBrowser" is-config="true" duration-ms="188" started-at="2018-12-29T18:38:59Z" finished-at="2018-12-29T18:38:59Z">
          <reporter-output>
          </reporter-output>
        </test-method> <!-- closeBrowser -->
      </class> <!-- com.demaout.newtorus.TestScripts.BookTicketTest -->
    </test> <!-- Default test -->
  </suite> <!-- Default suite -->
</testng-results>
